g:\работа\реализация алгоритм dsa\программа\dsaapp\dsaapp\x64\debug\dsaapp.pch
g:\работа\реализация алгоритм dsa\программа\dsaapp\dsaapp\x64\debug\vc143.pdb
g:\работа\реализация алгоритм dsa\программа\dsaapp\dsaapp\x64\debug\vc143.idb
g:\работа\реализация алгоритм dsa\программа\dsaapp\dsaapp\x64\debug\pch.obj
g:\работа\реализация алгоритм dsa\программа\dsaapp\dsaapp\x64\debug\sha256.obj
g:\работа\реализация алгоритм dsa\программа\dsaapp\dsaapp\x64\debug\dsaappdlg.obj
g:\работа\реализация алгоритм dsa\программа\dsaapp\dsaapp\x64\debug\dsaapp.obj
g:\работа\реализация алгоритм dsa\программа\dsaapp\dsaapp\x64\debug\dsa.obj
g:\работа\реализация алгоритм dsa\программа\dsaapp\dsaapp\x64\debug\bigint.obj
g:\работа\реализация алгоритм dsa\программа\dsaapp\x64\debug\dsaapp.exe
g:\работа\реализация алгоритм dsa\программа\dsaapp\x64\debug\dsaapp.pdb
g:\работа\реализация алгоритм dsa\программа\dsaapp\dsaapp\x64\debug\dsaapp.res
g:\работа\реализация алгоритм dsa\программа\dsaapp\dsaapp\x64\debug\dsaapp.ilk
g:\работа\реализация алгоритм dsa\программа\dsaapp\dsaapp\x64\debug\dsaapp.tlog\cl.command.1.tlog
g:\работа\реализация алгоритм dsa\программа\dsaapp\dsaapp\x64\debug\dsaapp.tlog\cl.items.tlog
g:\работа\реализация алгоритм dsa\программа\dsaapp\dsaapp\x64\debug\dsaapp.tlog\cl.read.1.tlog
g:\работа\реализация алгоритм dsa\программа\dsaapp\dsaapp\x64\debug\dsaapp.tlog\cl.write.1.tlog
g:\работа\реализация алгоритм dsa\программа\dsaapp\dsaapp\x64\debug\dsaapp.tlog\link.command.1.tlog
g:\работа\реализация алгоритм dsa\программа\dsaapp\dsaapp\x64\debug\dsaapp.tlog\link.read.1.tlog
g:\работа\реализация алгоритм dsa\программа\dsaapp\dsaapp\x64\debug\dsaapp.tlog\link.secondary.1.tlog
g:\работа\реализация алгоритм dsa\программа\dsaapp\dsaapp\x64\debug\dsaapp.tlog\link.write.1.tlog
g:\работа\реализация алгоритм dsa\программа\dsaapp\dsaapp\x64\debug\dsaapp.tlog\rc.command.1.tlog
g:\работа\реализация алгоритм dsa\программа\dsaapp\dsaapp\x64\debug\dsaapp.tlog\rc.read.1.tlog
g:\работа\реализация алгоритм dsa\программа\dsaapp\dsaapp\x64\debug\dsaapp.tlog\rc.write.1.tlog
